
# locales
en_US.UTF-8 UTF-8

en_US ISO-8859-1
sv_SE ISO-8859-1
en_DK ISO-8859-1
sudo mg -n /var/lib/locales/supported.d/local
sudo locale-gen


# basic
git-core openssh-server nfs-common emacs-goodies-el
# AFS
openafs-client openafs-modules-dkms heimdal-clients

# bygga erlang
automake libncurses5-dev libssl-dev xsltproc fop

# kred stuff
libcrack2-dev pdftk imagemagick texlive latexmk graphviz 

#browsing
chromium-browser
firefox flashplugin-installer xul-ext-adblock-plus

# optional 
aptitude mesa-utils xsel mg gkrelltop wine1.2

git clone git://git.hq.kred/otp.git kotp
cd kotp
git co otp_r13b04_klarna-detsfix
for d in lib/cos* lib/megaco lib/orber; do touch $d/SKIP; done
./otp_build setup --prefix=/usr/local/otp/R13B04 force_linux_pthread_rwlocks=yes --without-javac
sudo make install

cd /usr/local/otp/
sudo ln -s R13B04 current
cd ../bin/
for f in ../otp/current/bin/*; do sudo ln -s $f `basename $f`; done


git clone git://git.hq.kred/dev.git
cd dev
git submodule init ; git submodule update ; make conf
make -j12 myday
